{"name": "test_eggs", "status": "failed", "statusDetails": {"message": "AssertionError: assert False", "trace": "def test_eggs():\n>       assert False\nE       assert False\n\ntest.py:32: AssertionError"}, "attachments": [{"name": "stdout", "source": "aef80ca0-4696-4687-8e79-4ab3e77e971c-attachment.txt", "type": "text/plain"}], "start": 1559919370517, "stop": 1559919370518, "uuid": "83be2d9f-bc9d-4a18-aef1-e9d6c6e4500a", "historyId": "7d82cc76e1d8962d75be6782ce224789", "fullName": "tests.test#test_eggs", "labels": [{"name": "parentSuite", "value": "tests"}, {"name": "suite", "value": "test"}, {"name": "host", "value": "Work-Mac-Mini.local"}, {"name": "thread", "value": "90494-MainThread"}, {"name": "framework", "value": "pytest"}, {"name": "language", "value": "cpython3"}, {"name": "package", "value": "tests.test"}]}