{"name": "test_eggs", "status": "failed", "statusDetails": {"message": "AssertionError: assert False", "trace": "def test_eggs():\n>       assert False\nE       assert False\n\ntest.py:32: AssertionError"}, "start": 1559915797871, "stop": 1559915797871, "uuid": "20823e37-0398-4df6-8b18-9757f7dfbae5", "historyId": "7d82cc76e1d8962d75be6782ce224789", "fullName": "tests.test#test_eggs", "labels": [{"name": "parentSuite", "value": "tests"}, {"name": "suite", "value": "test"}, {"name": "host", "value": "Work-Mac-Mini.local"}, {"name": "thread", "value": "89510-MainThread"}, {"name": "framework", "value": "pytest"}, {"name": "language", "value": "cpython3"}, {"name": "package", "value": "tests.test"}]}