{"name": "test_eggs", "status": "failed", "statusDetails": {"message": "AssertionError: assert False", "trace": "def test_eggs():\n>       assert False\nE       assert False\n\ntest.py:32: AssertionError"}, "attachments": [{"name": "stdout", "source": "88469ab3-dab6-419a-bfd5-9cdbffeffced-attachment.txt", "type": "text/plain"}], "start": 1559919077024, "stop": 1559919077024, "uuid": "98a05000-3ac7-4e46-816d-90f6fb376a86", "historyId": "7d82cc76e1d8962d75be6782ce224789", "fullName": "tests.test#test_eggs", "labels": [{"name": "parentSuite", "value": "tests"}, {"name": "suite", "value": "test"}, {"name": "host", "value": "Work-Mac-Mini.local"}, {"name": "thread", "value": "90364-MainThread"}, {"name": "framework", "value": "pytest"}, {"name": "language", "value": "cpython3"}, {"name": "package", "value": "tests.test"}]}