{"name": "test_eggs", "status": "failed", "statusDetails": {"message": "AssertionError: assert False", "trace": "def test_eggs():\n>       assert False\nE       assert False\n\ntest.py:32: AssertionError"}, "start": 1559916937621, "stop": 1559916937622, "uuid": "9872b597-f286-448a-9864-0025e2f9ed20", "historyId": "7d82cc76e1d8962d75be6782ce224789", "fullName": "tests.test#test_eggs", "labels": [{"name": "parentSuite", "value": "tests"}, {"name": "suite", "value": "test"}, {"name": "host", "value": "Work-Mac-Mini.local"}, {"name": "thread", "value": "89874-MainThread"}, {"name": "framework", "value": "pytest"}, {"name": "language", "value": "cpython3"}, {"name": "package", "value": "tests.test"}]}