{"name": "test_eggs", "status": "failed", "statusDetails": {"message": "AssertionError: assert False", "trace": "def test_eggs():\n>       assert False\nE       assert False\n\ntest.py:32: AssertionError"}, "attachments": [{"name": "stdout", "source": "1c47b34c-96dc-4201-86d9-c0b59e6c752e-attachment.txt", "type": "text/plain"}], "start": 1559919286928, "stop": 1559919286928, "uuid": "4c20bf29-bc8c-48b6-ba81-62404519994c", "historyId": "7d82cc76e1d8962d75be6782ce224789", "fullName": "tests.test#test_eggs", "labels": [{"name": "parentSuite", "value": "tests"}, {"name": "suite", "value": "test"}, {"name": "host", "value": "Work-Mac-Mini.local"}, {"name": "thread", "value": "90455-MainThread"}, {"name": "framework", "value": "pytest"}, {"name": "language", "value": "cpython3"}, {"name": "package", "value": "tests.test"}]}